<?xml version="1.0" encoding="UTF-8"?>
<testng-results ignored="0" total="1" passed="1" failed="0" skipped="0">
  <reporter-output>
  </reporter-output>
  <suite started-at="2025-11-04T15:48:26 IST" name="Surefire suite" finished-at="2025-11-04T15:48:37 IST" duration-ms="11636">
    <groups>
    </groups>
    <test started-at="2025-11-04T15:48:26 IST" name="Surefire test" finished-at="2025-11-04T15:48:37 IST" duration-ms="11636">
      <class name="Tests.testcase">
        <test-method is-config="true" signature="setupReport()[pri:0, instance:Tests.testcase@5ace1ed4]" started-at="2025-11-04T15:48:26 IST" name="setupReport" finished-at="2025-11-04T15:48:26 IST" duration-ms="59" status="PASS">
          <reporter-output>
          </reporter-output>
        </test-method> <!-- setupReport -->
        <test-method is-config="true" signature="init()[pri:0, instance:Tests.testcase@5ace1ed4]" started-at="2025-11-04T15:48:26 IST" name="init" finished-at="2025-11-04T15:48:32 IST" duration-ms="6684" status="PASS">
          <reporter-output>
          </reporter-output>
        </test-method> <!-- init -->
        <test-method signature="registerUser()[pri:0, instance:Tests.testcase@5ace1ed4]" started-at="2025-11-04T15:48:32 IST" name="registerUser" finished-at="2025-11-04T15:48:37 IST" duration-ms="4721" status="PASS">
          <reporter-output>
          </reporter-output>
        </test-method> <!-- registerUser -->
        <test-method is-config="true" signature="getResult(org.testng.ITestResult)[pri:0, instance:Tests.testcase@5ace1ed4]" started-at="2025-11-04T15:48:37 IST" name="getResult" finished-at="2025-11-04T15:48:37 IST" duration-ms="2" status="PASS">
          <params>
            <param index="0">
              <value>
                <![CDATA[[TestResult name=registerUser status=SUCCESS method=testcase.registerUser()[pri:0, instance:Tests.testcase@5ace1ed4] output={null}]]]>
              </value>
            </param>
          </params>
          <reporter-output>
          </reporter-output>
        </test-method> <!-- getResult -->
        <test-method is-config="true" signature="takeScreenshotOnFailure(org.testng.ITestResult)[pri:0, instance:Tests.testcase@5ace1ed4]" started-at="2025-11-04T15:48:37 IST" name="takeScreenshotOnFailure" finished-at="2025-11-04T15:48:37 IST" duration-ms="1" status="PASS">
          <params>
            <param index="0">
              <value>
                <![CDATA[[TestResult name=registerUser status=SUCCESS method=testcase.registerUser()[pri:0, instance:Tests.testcase@5ace1ed4] output={null}]]]>
              </value>
            </param>
          </params>
          <reporter-output>
          </reporter-output>
        </test-method> <!-- takeScreenshotOnFailure -->
        <test-method is-config="true" signature="tearDown()[pri:0, instance:Tests.testcase@5ace1ed4]" started-at="2025-11-04T15:48:37 IST" name="tearDown" finished-at="2025-11-04T15:48:37 IST" duration-ms="143" status="PASS">
          <reporter-output>
          </reporter-output>
        </test-method> <!-- tearDown -->
        <test-method is-config="true" signature="generateReport()[pri:0, instance:Tests.testcase@5ace1ed4]" started-at="2025-11-04T15:48:37 IST" name="generateReport" finished-at="2025-11-04T15:48:37 IST" duration-ms="116" status="PASS">
          <reporter-output>
          </reporter-output>
        </test-method> <!-- generateReport -->
      </class> <!-- Tests.testcase -->
    </test> <!-- Surefire test -->
  </suite> <!-- Surefire suite -->
</testng-results>
