<?xml version="1.0" encoding="UTF-8"?>
<!-- Generated by org.testng.reporters.JUnitXMLReporter -->
<testsuite ignored="4" hostname="Bharaths-MacBook-Pro.local" failures="0" tests="3" name="Test" time="39.395" errors="0" timestamp="2025-11-04T15:45:40 IST">
  <testcase classname="Tests.testcase4" name="registerUser" time="7.147"/>
  <testcase classname="Tests.testcase3" name="registerUser" time="9.367"/>
  <testcase classname="Tests.testcase2" name="registerUser" time="6.629"/>
  <testcase classname="Utilities.BaseClass" name="@AfterSuite generateReport" time="0.0">
    <ignored/>
  </testcase> <!-- @AfterSuite generateReport -->
  <testcase classname="Utilities.BaseClass" name="@BeforeSuite setupReport" time="0.0">
    <ignored/>
  </testcase> <!-- @BeforeSuite setupReport -->
  <testcase classname="Utilities.BaseClass" name="@BeforeSuite setupReport" time="0.0">
    <ignored/>
  </testcase> <!-- @BeforeSuite setupReport -->
  <testcase classname="Utilities.BaseClass" name="@AfterSuite generateReport" time="0.0">
    <ignored/>
  </testcase> <!-- @AfterSuite generateReport -->
</testsuite> <!-- Test -->
