<?xml version="1.0" encoding="UTF-8"?>
<testng-results ignored="0" total="1" passed="1" failed="0" skipped="0">
  <reporter-output>
  </reporter-output>
  <suite started-at="2025-11-04T16:39:07 IST" name="Default suite" finished-at="2025-11-04T16:39:33 IST" duration-ms="26658">
    <groups>
    </groups>
    <test started-at="2025-11-04T16:39:07 IST" name="Default test" finished-at="2025-11-04T16:39:33 IST" duration-ms="26658">
      <class name="Tests.test1">
        <test-method is-config="true" signature="setupReport()[pri:0, instance:Tests.test1@7a6d7e92]" started-at="2025-11-04T16:39:06 IST" name="setupReport" finished-at="2025-11-04T16:39:07 IST" duration-ms="58" status="PASS">
          <reporter-output>
          </reporter-output>
        </test-method> <!-- setupReport -->
        <test-method is-config="true" signature="init()[pri:0, instance:Tests.test1@7a6d7e92]" started-at="2025-11-04T16:39:07 IST" name="init" finished-at="2025-11-04T16:39:16 IST" duration-ms="9357" status="PASS">
          <reporter-output>
          </reporter-output>
        </test-method> <!-- init -->
        <test-method signature="test()[pri:0, instance:Tests.test1@7a6d7e92]" started-at="2025-11-04T16:39:16 IST" name="test" finished-at="2025-11-04T16:39:33 IST" duration-ms="17085" status="PASS">
          <reporter-output>
          </reporter-output>
        </test-method> <!-- test -->
        <test-method is-config="true" signature="getResult(org.testng.ITestResult)[pri:0, instance:Tests.test1@7a6d7e92]" started-at="2025-11-04T16:39:33 IST" name="getResult" finished-at="2025-11-04T16:39:33 IST" duration-ms="3" status="PASS">
          <params>
            <param index="0">
              <value>
                <![CDATA[[TestResult name=test status=SUCCESS method=test1.test()[pri:0, instance:Tests.test1@7a6d7e92] output={null}]]]>
              </value>
            </param>
          </params>
          <reporter-output>
          </reporter-output>
        </test-method> <!-- getResult -->
        <test-method is-config="true" signature="takeScreenshotOnFailure(org.testng.ITestResult)[pri:0, instance:Tests.test1@7a6d7e92]" started-at="2025-11-04T16:39:33 IST" name="takeScreenshotOnFailure" finished-at="2025-11-04T16:39:33 IST" duration-ms="1" status="PASS">
          <params>
            <param index="0">
              <value>
                <![CDATA[[TestResult name=test status=SUCCESS method=test1.test()[pri:0, instance:Tests.test1@7a6d7e92] output={null}]]]>
              </value>
            </param>
          </params>
          <reporter-output>
          </reporter-output>
        </test-method> <!-- takeScreenshotOnFailure -->
        <test-method is-config="true" signature="tearDown()[pri:0, instance:Tests.test1@7a6d7e92]" started-at="2025-11-04T16:39:33 IST" name="tearDown" finished-at="2025-11-04T16:39:33 IST" duration-ms="134" status="PASS">
          <reporter-output>
          </reporter-output>
        </test-method> <!-- tearDown -->
        <test-method is-config="true" signature="generateReport()[pri:0, instance:Tests.test1@7a6d7e92]" started-at="2025-11-04T16:39:33 IST" name="generateReport" finished-at="2025-11-04T16:39:33 IST" duration-ms="146" status="PASS">
          <reporter-output>
          </reporter-output>
        </test-method> <!-- generateReport -->
      </class> <!-- Tests.test1 -->
    </test> <!-- Default test -->
  </suite> <!-- Default suite -->
</testng-results>
